e:\w_code\workbase\project\corelib\debug\corelib.pdb
e:\w_code\workbase\project\corelib\debug\corelib.idb
e:\w_code\workbase\project\corelib\debug\cvrs.obj
e:\w_code\workbase\project\corelib\debug\ctroposphere.obj
e:\w_code\workbase\project\corelib\debug\ctide.obj
e:\w_code\workbase\project\corelib\debug\cstation.obj
e:\w_code\workbase\project\corelib\debug\crtcm.obj
e:\w_code\workbase\project\corelib\debug\commonfunction.obj
e:\w_code\workbase\project\corelib\debug\cionosphere.obj
e:\w_code\workbase\project\corelib\debug\ccycleslip.obj
e:\w_code\workbase\project\corelib\debug\cbroadcasteph.obj
e:\w_code\workbase\project\corelib\debug\cbline.obj
e:\w_code\workbase\project\corelib\debug\cantenna.obj
e:\w_code\workbase\project\debug\corelib.lib
e:\w_code\workbase\project\corelib\debug\corelib.tlog\cl.command.1.tlog
e:\w_code\workbase\project\corelib\debug\corelib.tlog\cl.read.1.tlog
e:\w_code\workbase\project\corelib\debug\corelib.tlog\cl.write.1.tlog
e:\w_code\workbase\project\corelib\debug\corelib.tlog\lib-link.read.1.tlog
e:\w_code\workbase\project\corelib\debug\corelib.tlog\lib-link.write.1.tlog
e:\w_code\workbase\project\corelib\debug\corelib.tlog\lib.command.1.tlog
